{"/Users/hackreactor/work/review/sum.js": {"path":"/Users/hackreactor/work/review/sum.js","statementMap":{"0":{"start":{"line":2,"column":2},"end":{"line":2,"column":15}},"1":{"start":{"line":4,"column":0},"end":{"line":4,"column":21}}},"fnMap":{"0":{"name":"sum","decl":{"start":{"line":1,"column":9},"end":{"line":1,"column":12}},"loc":{"start":{"line":1,"column":19},"end":{"line":3,"column":1}},"line":1}},"branchMap":{},"s":{"0":1,"1":1},"f":{"0":1},"b":{},"_coverageSchema":"1a1c01bbd47fc00a2c39e90264f33305004495a9","hash":"97a69fe77133d4ff03fe769e8fee1bac346dfe85"}
,"/Users/hackreactor/work/review/db/helper.js": {"path":"/Users/hackreactor/work/review/db/helper.js","statementMap":{"0":{"start":{"line":1,"column":0},"end":{"line":86,"column":1}},"1":{"start":{"line":3,"column":14},"end":{"line":8,"column":5}},"2":{"start":{"line":10,"column":4},"end":{"line":54,"column":4}},"3":{"start":{"line":11,"column":18},"end":{"line":11,"column":23}},"4":{"start":{"line":12,"column":18},"end":{"line":12,"column":20}},"5":{"start":{"line":13,"column":6},"end":{"line":20,"column":7}},"6":{"start":{"line":13,"column":17},"end":{"line":13,"column":18}},"7":{"start":{"line":14,"column":8},"end":{"line":14,"column":70}},"8":{"start":{"line":15,"column":8},"end":{"line":15,"column":47}},"9":{"start":{"line":16,"column":8},"end":{"line":19,"column":9}},"10":{"start":{"line":17,"column":10},"end":{"line":17,"column":22}},"11":{"start":{"line":18,"column":10},"end":{"line":18,"column":19}},"12":{"start":{"line":21,"column":6},"end":{"line":21,"column":35}},"13":{"start":{"line":22,"column":6},"end":{"line":44,"column":7}},"14":{"start":{"line":23,"column":25},"end":{"line":23,"column":52}},"15":{"start":{"line":24,"column":24},"end":{"line":35,"column":9}},"16":{"start":{"line":36,"column":8},"end":{"line":42,"column":9}},"17":{"start":{"line":37,"column":25},"end":{"line":40,"column":11}},"18":{"start":{"line":41,"column":10},"end":{"line":41,"column":44}},"19":{"start":{"line":43,"column":8},"end":{"line":43,"column":38}},"20":{"start":{"line":45,"column":4},"end":{"line":53,"column":5}},"21":{"start":{"line":46,"column":6},"end":{"line":51,"column":7}},"22":{"start":{"line":47,"column":8},"end":{"line":50,"column":10}},"23":{"start":{"line":55,"column":2},"end":{"line":55,"column":18}},"24":{"start":{"line":56,"column":4},"end":{"line":56,"column":14}},"25":{"start":{"line":60,"column":14},"end":{"line":65,"column":5}},"26":{"start":{"line":66,"column":4},"end":{"line":79,"column":6}},"27":{"start":{"line":67,"column":6},"end":{"line":67,"column":81}},"28":{"start":{"line":68,"column":6},"end":{"line":72,"column":7}},"29":{"start":{"line":69,"column":8},"end":{"line":69,"column":77}},"30":{"start":{"line":70,"column":13},"end":{"line":72,"column":7}},"31":{"start":{"line":71,"column":10},"end":{"line":71,"column":79}},"32":{"start":{"line":73,"column":6},"end":{"line":78,"column":7}},"33":{"start":{"line":74,"column":8},"end":{"line":74,"column":105}},"34":{"start":{"line":76,"column":8},"end":{"line":76,"column":198}},"35":{"start":{"line":77,"column":8},"end":{"line":77,"column":97}},"36":{"start":{"line":80,"column":4},"end":{"line":80,"column":14}}},"fnMap":{"0":{"name":"(anonymous_0)","decl":{"start":{"line":2,"column":17},"end":{"line":2,"column":18}},"loc":{"start":{"line":2,"column":51},"end":{"line":57,"column":3}},"line":2},"1":{"name":"(anonymous_1)","decl":{"start":{"line":10,"column":17},"end":{"line":10,"column":18}},"loc":{"start":{"line":10,"column":27},"end":{"line":54,"column":3}},"line":10},"2":{"name":"(anonymous_2)","decl":{"start":{"line":59,"column":14},"end":{"line":59,"column":15}},"loc":{"start":{"line":59,"column":35},"end":{"line":81,"column":3}},"line":59},"3":{"name":"(anonymous_3)","decl":{"start":{"line":66,"column":17},"end":{"line":66,"column":18}},"loc":{"start":{"line":66,"column":24},"end":{"line":79,"column":5}},"line":66}},"branchMap":{"0":{"loc":{"start":{"line":16,"column":8},"end":{"line":19,"column":9}},"type":"if","locations":[{"start":{"line":16,"column":8},"end":{"line":19,"column":9}},{"start":{"line":16,"column":8},"end":{"line":19,"column":9}}],"line":16},"1":{"loc":{"start":{"line":22,"column":6},"end":{"line":44,"column":7}},"type":"if","locations":[{"start":{"line":22,"column":6},"end":{"line":44,"column":7}},{"start":{"line":22,"column":6},"end":{"line":44,"column":7}}],"line":22},"2":{"loc":{"start":{"line":36,"column":8},"end":{"line":42,"column":9}},"type":"if","locations":[{"start":{"line":36,"column":8},"end":{"line":42,"column":9}},{"start":{"line":36,"column":8},"end":{"line":42,"column":9}}],"line":36},"3":{"loc":{"start":{"line":45,"column":4},"end":{"line":53,"column":5}},"type":"if","locations":[{"start":{"line":45,"column":4},"end":{"line":53,"column":5}},{"start":{"line":45,"column":4},"end":{"line":53,"column":5}}],"line":45},"4":{"loc":{"start":{"line":46,"column":6},"end":{"line":51,"column":7}},"type":"if","locations":[{"start":{"line":46,"column":6},"end":{"line":51,"column":7}},{"start":{"line":46,"column":6},"end":{"line":51,"column":7}}],"line":46},"5":{"loc":{"start":{"line":68,"column":6},"end":{"line":72,"column":7}},"type":"if","locations":[{"start":{"line":68,"column":6},"end":{"line":72,"column":7}},{"start":{"line":68,"column":6},"end":{"line":72,"column":7}}],"line":68},"6":{"loc":{"start":{"line":70,"column":13},"end":{"line":72,"column":7}},"type":"if","locations":[{"start":{"line":70,"column":13},"end":{"line":72,"column":7}},{"start":{"line":70,"column":13},"end":{"line":72,"column":7}}],"line":70},"7":{"loc":{"start":{"line":73,"column":6},"end":{"line":78,"column":7}},"type":"if","locations":[{"start":{"line":73,"column":6},"end":{"line":78,"column":7}},{"start":{"line":73,"column":6},"end":{"line":78,"column":7}}],"line":73}},"s":{"0":1,"1":0,"2":0,"3":0,"4":0,"5":0,"6":0,"7":0,"8":0,"9":0,"10":0,"11":0,"12":0,"13":0,"14":0,"15":0,"16":0,"17":0,"18":0,"19":0,"20":0,"21":0,"22":0,"23":0,"24":0,"25":2,"26":2,"27":0,"28":0,"29":0,"30":0,"31":0,"32":0,"33":0,"34":0,"35":0,"36":2},"f":{"0":0,"1":0,"2":2,"3":0},"b":{"0":[0,0],"1":[0,0],"2":[0,0],"3":[0,0],"4":[0,0],"5":[0,0],"6":[0,0],"7":[0,0]},"_coverageSchema":"1a1c01bbd47fc00a2c39e90264f33305004495a9","hash":"386dd9a559496dfab9fc051b2508af2a802abf67"}
,"/Users/hackreactor/work/review/db/index.js": {"path":"/Users/hackreactor/work/review/db/index.js","statementMap":{"0":{"start":{"line":1,"column":15},"end":{"line":1,"column":41}},"1":{"start":{"line":2,"column":17},"end":{"line":2,"column":30}},"2":{"start":{"line":4,"column":13},"end":{"line":9,"column":2}},"3":{"start":{"line":12,"column":26},"end":{"line":30,"column":1}},"4":{"start":{"line":13,"column":2},"end":{"line":13,"column":24}},"5":{"start":{"line":15,"column":16},"end":{"line":20,"column":3}},"6":{"start":{"line":21,"column":2},"end":{"line":28,"column":4}},"7":{"start":{"line":23,"column":20},"end":{"line":23,"column":120}},"8":{"start":{"line":24,"column":4},"end":{"line":24,"column":23}},"9":{"start":{"line":27,"column":4},"end":{"line":27,"column":14}},"10":{"start":{"line":32,"column":16},"end":{"line":55,"column":1}},"11":{"start":{"line":33,"column":2},"end":{"line":33,"column":32}},"12":{"start":{"line":34,"column":2},"end":{"line":34,"column":24}},"13":{"start":{"line":35,"column":19},"end":{"line":35,"column":39}},"14":{"start":{"line":36,"column":16},"end":{"line":42,"column":3}},"15":{"start":{"line":44,"column":2},"end":{"line":53,"column":4}},"16":{"start":{"line":46,"column":4},"end":{"line":46,"column":38}},"17":{"start":{"line":47,"column":22},"end":{"line":47,"column":68}},"18":{"start":{"line":48,"column":4},"end":{"line":48,"column":25}},"19":{"start":{"line":51,"column":4},"end":{"line":51,"column":20}},"20":{"start":{"line":52,"column":4},"end":{"line":52,"column":14}},"21":{"start":{"line":56,"column":19},"end":{"line":89,"column":1}},"22":{"start":{"line":57,"column":2},"end":{"line":57,"column":24}},"23":{"start":{"line":72,"column":16},"end":{"line":80,"column":3}},"24":{"start":{"line":81,"column":2},"end":{"line":87,"column":4}},"25":{"start":{"line":83,"column":4},"end":{"line":83,"column":23}},"26":{"start":{"line":86,"column":4},"end":{"line":86,"column":14}},"27":{"start":{"line":90,"column":25},"end":{"line":105,"column":1}},"28":{"start":{"line":91,"column":2},"end":{"line":91,"column":24}},"29":{"start":{"line":92,"column":18},"end":{"line":92,"column":37}},"30":{"start":{"line":93,"column":16},"end":{"line":96,"column":3}},"31":{"start":{"line":97,"column":2},"end":{"line":103,"column":4}},"32":{"start":{"line":99,"column":4},"end":{"line":99,"column":23}},"33":{"start":{"line":102,"column":4},"end":{"line":102,"column":14}},"34":{"start":{"line":106,"column":24},"end":{"line":121,"column":1}},"35":{"start":{"line":107,"column":2},"end":{"line":107,"column":24}},"36":{"start":{"line":108,"column":18},"end":{"line":108,"column":37}},"37":{"start":{"line":109,"column":16},"end":{"line":112,"column":3}},"38":{"start":{"line":113,"column":2},"end":{"line":119,"column":4}},"39":{"start":{"line":115,"column":4},"end":{"line":115,"column":23}},"40":{"start":{"line":118,"column":4},"end":{"line":118,"column":14}},"41":{"start":{"line":122,"column":0},"end":{"line":128,"column":1}}},"fnMap":{"0":{"name":"(anonymous_0)","decl":{"start":{"line":12,"column":26},"end":{"line":12,"column":27}},"loc":{"start":{"line":12,"column":40},"end":{"line":30,"column":1}},"line":12},"1":{"name":"(anonymous_1)","decl":{"start":{"line":22,"column":8},"end":{"line":22,"column":9}},"loc":{"start":{"line":22,"column":18},"end":{"line":25,"column":3}},"line":22},"2":{"name":"(anonymous_2)","decl":{"start":{"line":26,"column":9},"end":{"line":26,"column":10}},"loc":{"start":{"line":26,"column":16},"end":{"line":28,"column":3}},"line":26},"3":{"name":"(anonymous_3)","decl":{"start":{"line":32,"column":16},"end":{"line":32,"column":17}},"loc":{"start":{"line":32,"column":30},"end":{"line":55,"column":1}},"line":32},"4":{"name":"(anonymous_4)","decl":{"start":{"line":45,"column":8},"end":{"line":45,"column":9}},"loc":{"start":{"line":45,"column":18},"end":{"line":49,"column":3}},"line":45},"5":{"name":"(anonymous_5)","decl":{"start":{"line":50,"column":9},"end":{"line":50,"column":10}},"loc":{"start":{"line":50,"column":16},"end":{"line":53,"column":3}},"line":50},"6":{"name":"(anonymous_6)","decl":{"start":{"line":56,"column":19},"end":{"line":56,"column":20}},"loc":{"start":{"line":56,"column":33},"end":{"line":89,"column":1}},"line":56},"7":{"name":"(anonymous_7)","decl":{"start":{"line":82,"column":8},"end":{"line":82,"column":9}},"loc":{"start":{"line":82,"column":18},"end":{"line":84,"column":3}},"line":82},"8":{"name":"(anonymous_8)","decl":{"start":{"line":85,"column":9},"end":{"line":85,"column":10}},"loc":{"start":{"line":85,"column":16},"end":{"line":87,"column":3}},"line":85},"9":{"name":"(anonymous_9)","decl":{"start":{"line":90,"column":25},"end":{"line":90,"column":26}},"loc":{"start":{"line":90,"column":39},"end":{"line":105,"column":1}},"line":90},"10":{"name":"(anonymous_10)","decl":{"start":{"line":98,"column":8},"end":{"line":98,"column":9}},"loc":{"start":{"line":98,"column":18},"end":{"line":100,"column":3}},"line":98},"11":{"name":"(anonymous_11)","decl":{"start":{"line":101,"column":9},"end":{"line":101,"column":10}},"loc":{"start":{"line":101,"column":16},"end":{"line":103,"column":3}},"line":101},"12":{"name":"(anonymous_12)","decl":{"start":{"line":106,"column":24},"end":{"line":106,"column":25}},"loc":{"start":{"line":106,"column":38},"end":{"line":121,"column":1}},"line":106},"13":{"name":"(anonymous_13)","decl":{"start":{"line":114,"column":8},"end":{"line":114,"column":9}},"loc":{"start":{"line":114,"column":18},"end":{"line":116,"column":3}},"line":114},"14":{"name":"(anonymous_14)","decl":{"start":{"line":117,"column":9},"end":{"line":117,"column":10}},"loc":{"start":{"line":117,"column":16},"end":{"line":119,"column":3}},"line":117}},"branchMap":{},"s":{"0":1,"1":1,"2":1,"3":1,"4":0,"5":0,"6":0,"7":0,"8":0,"9":0,"10":1,"11":2,"12":2,"13":2,"14":2,"15":2,"16":2,"17":2,"18":2,"19":0,"20":0,"21":1,"22":2,"23":2,"24":0,"25":0,"26":0,"27":1,"28":2,"29":2,"30":2,"31":2,"32":2,"33":0,"34":1,"35":2,"36":2,"37":2,"38":2,"39":2,"40":0,"41":1},"f":{"0":0,"1":0,"2":0,"3":2,"4":2,"5":0,"6":2,"7":0,"8":0,"9":2,"10":2,"11":0,"12":2,"13":2,"14":0},"b":{},"_coverageSchema":"1a1c01bbd47fc00a2c39e90264f33305004495a9","hash":"1588f7d26cd807ae0d2315f4a7e025727abec51e"}
,"/Users/hackreactor/work/review/servers/index.js": {"path":"/Users/hackreactor/work/review/servers/index.js","statementMap":{"0":{"start":{"line":1,"column":16},"end":{"line":1,"column":34}},"1":{"start":{"line":2,"column":12},"end":{"line":2,"column":21}},"2":{"start":{"line":3,"column":13},"end":{"line":3,"column":17}},"3":{"start":{"line":4,"column":11},"end":{"line":4,"column":36}},"4":{"start":{"line":6,"column":0},"end":{"line":6,"column":24}},"5":{"start":{"line":7,"column":0},"end":{"line":7,"column":48}},"6":{"start":{"line":9,"column":0},"end":{"line":11,"column":3}},"7":{"start":{"line":10,"column":2},"end":{"line":10,"column":26}},"8":{"start":{"line":13,"column":0},"end":{"line":13,"column":41}},"9":{"start":{"line":16,"column":0},"end":{"line":16,"column":36}},"10":{"start":{"line":17,"column":0},"end":{"line":17,"column":35}},"11":{"start":{"line":18,"column":0},"end":{"line":18,"column":59}},"12":{"start":{"line":19,"column":0},"end":{"line":19,"column":57}},"13":{"start":{"line":21,"column":0},"end":{"line":23,"column":2}},"14":{"start":{"line":22,"column":2},"end":{"line":22,"column":43}},"15":{"start":{"line":25,"column":0},"end":{"line":25,"column":21}}},"fnMap":{"0":{"name":"(anonymous_0)","decl":{"start":{"line":9,"column":13},"end":{"line":9,"column":14}},"loc":{"start":{"line":9,"column":27},"end":{"line":11,"column":1}},"line":9},"1":{"name":"(anonymous_1)","decl":{"start":{"line":21,"column":17},"end":{"line":21,"column":18}},"loc":{"start":{"line":21,"column":23},"end":{"line":23,"column":1}},"line":21}},"branchMap":{},"s":{"0":1,"1":1,"2":1,"3":1,"4":1,"5":1,"6":1,"7":0,"8":1,"9":1,"10":1,"11":1,"12":1,"13":1,"14":1,"15":1},"f":{"0":0,"1":1},"b":{},"_coverageSchema":"1a1c01bbd47fc00a2c39e90264f33305004495a9","hash":"9f20ba156019e7ea9be5e1f0141dd198dc129a5f"}
}
