{"/Users/hackreactor/work/review/sum.js": {"path":"/Users/hackreactor/work/review/sum.js","statementMap":{"0":{"start":{"line":2,"column":2},"end":{"line":2,"column":15}},"1":{"start":{"line":4,"column":0},"end":{"line":4,"column":21}}},"fnMap":{"0":{"name":"sum","decl":{"start":{"line":1,"column":9},"end":{"line":1,"column":12}},"loc":{"start":{"line":1,"column":19},"end":{"line":3,"column":1}},"line":1}},"branchMap":{},"s":{"0":1,"1":1},"f":{"0":1},"b":{},"_coverageSchema":"1a1c01bbd47fc00a2c39e90264f33305004495a9","hash":"97a69fe77133d4ff03fe769e8fee1bac346dfe85"}
,"/Users/hackreactor/work/review/db/helper.js": {"path":"/Users/hackreactor/work/review/db/helper.js","statementMap":{"0":{"start":{"line":1,"column":0},"end":{"line":86,"column":1}},"1":{"start":{"line":3,"column":14},"end":{"line":8,"column":5}},"2":{"start":{"line":10,"column":4},"end":{"line":54,"column":4}},"3":{"start":{"line":11,"column":18},"end":{"line":11,"column":23}},"4":{"start":{"line":12,"column":18},"end":{"line":12,"column":20}},"5":{"start":{"line":13,"column":6},"end":{"line":20,"column":7}},"6":{"start":{"line":13,"column":17},"end":{"line":13,"column":18}},"7":{"start":{"line":14,"column":8},"end":{"line":14,"column":70}},"8":{"start":{"line":15,"column":8},"end":{"line":15,"column":47}},"9":{"start":{"line":16,"column":8},"end":{"line":19,"column":9}},"10":{"start":{"line":17,"column":10},"end":{"line":17,"column":22}},"11":{"start":{"line":18,"column":10},"end":{"line":18,"column":19}},"12":{"start":{"line":21,"column":6},"end":{"line":21,"column":35}},"13":{"start":{"line":22,"column":6},"end":{"line":44,"column":7}},"14":{"start":{"line":23,"column":25},"end":{"line":23,"column":52}},"15":{"start":{"line":24,"column":24},"end":{"line":35,"column":9}},"16":{"start":{"line":36,"column":8},"end":{"line":42,"column":9}},"17":{"start":{"line":37,"column":25},"end":{"line":40,"column":11}},"18":{"start":{"line":41,"column":10},"end":{"line":41,"column":44}},"19":{"start":{"line":43,"column":8},"end":{"line":43,"column":38}},"20":{"start":{"line":45,"column":4},"end":{"line":53,"column":5}},"21":{"start":{"line":46,"column":6},"end":{"line":51,"column":7}},"22":{"start":{"line":47,"column":8},"end":{"line":50,"column":10}},"23":{"start":{"line":55,"column":2},"end":{"line":55,"column":18}},"24":{"start":{"line":56,"column":4},"end":{"line":56,"column":14}},"25":{"start":{"line":60,"column":14},"end":{"line":65,"column":5}},"26":{"start":{"line":66,"column":4},"end":{"line":79,"column":6}},"27":{"start":{"line":67,"column":6},"end":{"line":67,"column":81}},"28":{"start":{"line":68,"column":6},"end":{"line":72,"column":7}},"29":{"start":{"line":69,"column":8},"end":{"line":69,"column":77}},"30":{"start":{"line":70,"column":13},"end":{"line":72,"column":7}},"31":{"start":{"line":71,"column":10},"end":{"line":71,"column":79}},"32":{"start":{"line":73,"column":6},"end":{"line":78,"column":7}},"33":{"start":{"line":74,"column":8},"end":{"line":74,"column":105}},"34":{"start":{"line":76,"column":8},"end":{"line":76,"column":198}},"35":{"start":{"line":77,"column":8},"end":{"line":77,"column":97}},"36":{"start":{"line":80,"column":4},"end":{"line":80,"column":14}}},"fnMap":{"0":{"name":"(anonymous_0)","decl":{"start":{"line":2,"column":17},"end":{"line":2,"column":18}},"loc":{"start":{"line":2,"column":51},"end":{"line":57,"column":3}},"line":2},"1":{"name":"(anonymous_1)","decl":{"start":{"line":10,"column":17},"end":{"line":10,"column":18}},"loc":{"start":{"line":10,"column":27},"end":{"line":54,"column":3}},"line":10},"2":{"name":"(anonymous_2)","decl":{"start":{"line":59,"column":14},"end":{"line":59,"column":15}},"loc":{"start":{"line":59,"column":35},"end":{"line":81,"column":3}},"line":59},"3":{"name":"(anonymous_3)","decl":{"start":{"line":66,"column":17},"end":{"line":66,"column":18}},"loc":{"start":{"line":66,"column":24},"end":{"line":79,"column":5}},"line":66}},"branchMap":{"0":{"loc":{"start":{"line":16,"column":8},"end":{"line":19,"column":9}},"type":"if","locations":[{"start":{"line":16,"column":8},"end":{"line":19,"column":9}},{"start":{"line":16,"column":8},"end":{"line":19,"column":9}}],"line":16},"1":{"loc":{"start":{"line":22,"column":6},"end":{"line":44,"column":7}},"type":"if","locations":[{"start":{"line":22,"column":6},"end":{"line":44,"column":7}},{"start":{"line":22,"column":6},"end":{"line":44,"column":7}}],"line":22},"2":{"loc":{"start":{"line":36,"column":8},"end":{"line":42,"column":9}},"type":"if","locations":[{"start":{"line":36,"column":8},"end":{"line":42,"column":9}},{"start":{"line":36,"column":8},"end":{"line":42,"column":9}}],"line":36},"3":{"loc":{"start":{"line":45,"column":4},"end":{"line":53,"column":5}},"type":"if","locations":[{"start":{"line":45,"column":4},"end":{"line":53,"column":5}},{"start":{"line":45,"column":4},"end":{"line":53,"column":5}}],"line":45},"4":{"loc":{"start":{"line":46,"column":6},"end":{"line":51,"column":7}},"type":"if","locations":[{"start":{"line":46,"column":6},"end":{"line":51,"column":7}},{"start":{"line":46,"column":6},"end":{"line":51,"column":7}}],"line":46},"5":{"loc":{"start":{"line":68,"column":6},"end":{"line":72,"column":7}},"type":"if","locations":[{"start":{"line":68,"column":6},"end":{"line":72,"column":7}},{"start":{"line":68,"column":6},"end":{"line":72,"column":7}}],"line":68},"6":{"loc":{"start":{"line":70,"column":13},"end":{"line":72,"column":7}},"type":"if","locations":[{"start":{"line":70,"column":13},"end":{"line":72,"column":7}},{"start":{"line":70,"column":13},"end":{"line":72,"column":7}}],"line":70},"7":{"loc":{"start":{"line":73,"column":6},"end":{"line":78,"column":7}},"type":"if","locations":[{"start":{"line":73,"column":6},"end":{"line":78,"column":7}},{"start":{"line":73,"column":6},"end":{"line":78,"column":7}}],"line":73}},"s":{"0":1,"1":0,"2":0,"3":0,"4":0,"5":0,"6":0,"7":0,"8":0,"9":0,"10":0,"11":0,"12":0,"13":0,"14":0,"15":0,"16":0,"17":0,"18":0,"19":0,"20":0,"21":0,"22":0,"23":0,"24":0,"25":1,"26":1,"27":5,"28":5,"29":3,"30":2,"31":2,"32":5,"33":1,"34":4,"35":4,"36":1},"f":{"0":0,"1":0,"2":1,"3":5},"b":{"0":[0,0],"1":[0,0],"2":[0,0],"3":[0,0],"4":[0,0],"5":[3,2],"6":[2,0],"7":[1,4]},"_coverageSchema":"1a1c01bbd47fc00a2c39e90264f33305004495a9","hash":"386dd9a559496dfab9fc051b2508af2a802abf67"}
,"/Users/hackreactor/work/review/test/mockdata.js": {"path":"/Users/hackreactor/work/review/test/mockdata.js","statementMap":{"0":{"start":{"line":46,"column":0},"end":{"line":87,"column":1}},"1":{"start":{"line":89,"column":0},"end":{"line":91,"column":1}}},"fnMap":{},"branchMap":{},"s":{"0":1,"1":1},"f":{},"b":{},"_coverageSchema":"1a1c01bbd47fc00a2c39e90264f33305004495a9","hash":"d97f63359f5e6e9a16e0582f18d06e3efb391573"}
}
