TN:
SF:sum.js
FN:1,sum
FNF:1
FNH:1
FNDA:1,sum
DA:2,1
DA:4,1
LF:2
LH:2
BRF:0
BRH:0
end_of_record
TN:
SF:db/helper.js
FN:2,(anonymous_0)
FN:10,(anonymous_1)
FN:59,(anonymous_2)
FN:66,(anonymous_3)
FNF:4
FNH:2
FNDA:0,(anonymous_0)
FNDA:0,(anonymous_1)
FNDA:1,(anonymous_2)
FNDA:5,(anonymous_3)
DA:1,1
DA:3,0
DA:10,0
DA:11,0
DA:12,0
DA:13,0
DA:14,0
DA:15,0
DA:16,0
DA:17,0
DA:18,0
DA:21,0
DA:22,0
DA:23,0
DA:24,0
DA:36,0
DA:37,0
DA:41,0
DA:43,0
DA:45,0
DA:46,0
DA:47,0
DA:55,0
DA:56,0
DA:60,1
DA:66,1
DA:67,5
DA:68,5
DA:69,3
DA:70,2
DA:71,2
DA:73,5
DA:74,1
DA:76,4
DA:77,4
DA:80,1
LF:36
LH:13
BRDA:16,0,0,0
BRDA:16,0,1,0
BRDA:22,1,0,0
BRDA:22,1,1,0
BRDA:36,2,0,0
BRDA:36,2,1,0
BRDA:45,3,0,0
BRDA:45,3,1,0
BRDA:46,4,0,0
BRDA:46,4,1,0
BRDA:68,5,0,3
BRDA:68,5,1,2
BRDA:70,6,0,2
BRDA:70,6,1,0
BRDA:73,7,0,1
BRDA:73,7,1,4
BRF:16
BRH:5
end_of_record
TN:
SF:test/mockdata.js
FNF:0
FNH:0
DA:46,1
DA:89,1
LF:2
LH:2
BRF:0
BRH:0
end_of_record
